C51 COMPILER V9.56.0.0   MAIN                                                              06/03/2021 14:52:32 PAGE 1   


C51 COMPILER V9.56.0.0, COMPILATION OF MODULE MAIN
OBJECT MODULE PLACED IN .\Objects\main.obj
COMPILER INVOKED BY: C:\Program Files\Keil\C51\BIN\C51.EXE main.c OPTIMIZE(8,SPEED) BROWSE DEBUG OBJECTEXTEND PRINT(.\Li
                    -stings\main.lst) TABS(2) OBJECT(.\Objects\main.obj)

line level    source

   1          #include <InitCPU.h>
   2          #include <Display.h>
   3          #include <Buttons.h>
   4          #include <DeviceParameters.h>
   5          #include <Menu.h>
   6          #include <Indication.h>
   7          #include <Sound.h>
   8          #include <UART0.h>
   9          #include <FontDisplay.h>
  10          
  11          void StartInit(){ 
  12   1        initCPU();
  13   1        initDisplay();
  14   1      }
  15          
  16          void main(void){
  17   1        StartInit();
  18   1        clearDisplay();
  19   1        start_Sound();
  20   1        loadParameters();
  21   1        
  22   1        while(1){
  23   2          checkPressButton();
  24   2          updateMenu(); 
  25   2          updateIndication();
  26   2          updateParameters();   
  27   2        }     
  28   1      }


MODULE INFORMATION:   STATIC OVERLAYABLE
   CODE SIZE        =     32    ----
   CONSTANT SIZE    =   ----    ----
   XDATA SIZE       =   ----    ----
   PDATA SIZE       =   ----    ----
   DATA SIZE        =   ----    ----
   IDATA SIZE       =   ----    ----
   BIT SIZE         =   ----    ----
END OF MODULE INFORMATION.


C51 COMPILATION COMPLETE.  0 WARNING(S),  0 ERROR(S)
