C51 COMPILER V9.56.0.0   TIMER1                                                            06/03/2021 14:52:32 PAGE 1   


C51 COMPILER V9.56.0.0, COMPILATION OF MODULE TIMER1
OBJECT MODULE PLACED IN .\Objects\Timer1.obj
COMPILER INVOKED BY: C:\Program Files\Keil\C51\BIN\C51.EXE Timer1.c OPTIMIZE(8,SPEED) BROWSE DEBUG OBJECTEXTEND PRINT(.\
                    -Listings\Timer1.lst) TABS(2) OBJECT(.\Objects\Timer1.obj)

line level    source

   1          #include <C8051F120.h>
   2          
   3          //UART
   4          void Timer1_Init(){
   5   1          SFRPAGE   = TIMER01_PAGE;
   6   1          TMOD = 0x21; //Timer1 auto-reload 8 bit mode
   7   1          TR1 = 1;
   8   1          TH1 = 0xF9;
   9   1      }


MODULE INFORMATION:   STATIC OVERLAYABLE
   CODE SIZE        =     12    ----
   CONSTANT SIZE    =   ----    ----
   XDATA SIZE       =   ----    ----
   PDATA SIZE       =   ----    ----
   DATA SIZE        =   ----    ----
   IDATA SIZE       =   ----    ----
   BIT SIZE         =   ----    ----
END OF MODULE INFORMATION.


C51 COMPILATION COMPLETE.  0 WARNING(S),  0 ERROR(S)
