C51 COMPILER V9.56.0.0   TIMER0                                                            06/03/2021 14:52:32 PAGE 1   


C51 COMPILER V9.56.0.0, COMPILATION OF MODULE TIMER0
OBJECT MODULE PLACED IN .\Objects\Timer0.obj
COMPILER INVOKED BY: C:\Program Files\Keil\C51\BIN\C51.EXE Timer0.c OPTIMIZE(8,SPEED) BROWSE DEBUG OBJECTEXTEND PRINT(.\
                    -Listings\Timer0.lst) TABS(2) OBJECT(.\Objects\Timer0.obj)

line level    source

   1          #include <C8051F120.h>
   2          
   3          sbit T0   = P3^4;
   4          sbit T1   = P3^5;
   5          
   6          xdata unsigned short byte_T0 = 0xFD7F;//400Hz
   7          
   8          void Timer0_Init(){
   9   1        
  10   1        SFRPAGE = TIMER01_PAGE;
  11   1        ET0 = 1;
  12   1        PT0 = 0;
  13   1        TMOD      = 0x21; //Timer0  16 bit mode; Timer1 auto-reload 8 bit mode
  14   1        CKCON     = 0x02;
  15   1        T0 = 1;
  16   1        T1 = 1; 
  17   1      }
  18          
  19          void Timer0_On(){
  20   1        SFRPAGE = TIMER01_PAGE;
  21   1        TR0 = 1;
  22   1      
  23   1      }
  24          void Timer0_Off(){
  25   1        SFRPAGE = TIMER01_PAGE;
  26   1        TR0 = 0;
  27   1        T0 = 1;
  28   1        T1 = 1;
  29   1      }
  30          
  31          //SOUND GENERATOR
  32          void Timer0_Interrupt(void) interrupt 1{
  33   1        SFRPAGE = TIMER01_PAGE;   
  34   1        TL0       = byte_T0 & 0x00FF;
  35   1        TH0       = byte_T0 >> 8;   
  36   1          
  37   1        if(byte_T0 == 0){
  38   2          T0 = 1;
  39   2          T1 = 1;
  40   2        }else{
  41   2          T0 = ~T0;
  42   2          T1 = ~T1;
  43   2        }
  44   1        TF0 = 0;
  45   1      }


MODULE INFORMATION:   STATIC OVERLAYABLE
   CODE SIZE        =     95    ----
   CONSTANT SIZE    =   ----    ----
   XDATA SIZE       =      2    ----
   PDATA SIZE       =   ----    ----
   DATA SIZE        =   ----    ----
   IDATA SIZE       =   ----    ----
C51 COMPILER V9.56.0.0   TIMER0                                                            06/03/2021 14:52:32 PAGE 2   

   BIT SIZE         =   ----    ----
END OF MODULE INFORMATION.


C51 COMPILATION COMPLETE.  0 WARNING(S),  0 ERROR(S)
