C51 COMPILER V9.56.0.0   TIMER4                                                            06/03/2021 14:52:32 PAGE 1   


C51 COMPILER V9.56.0.0, COMPILATION OF MODULE TIMER4
OBJECT MODULE PLACED IN .\Objects\Timer4.obj
COMPILER INVOKED BY: C:\Program Files\Keil\C51\BIN\C51.EXE Timer4.c OPTIMIZE(8,SPEED) BROWSE DEBUG OBJECTEXTEND PRINT(.\
                    -Listings\Timer4.lst) TABS(2) OBJECT(.\Objects\Timer4.obj)

line level    source

   1          #include <C8051F120.h>
   2          
   3          sbit DIOD = P1^6;
   4          
   5          void Timer4_Init(){
   6   1         SFRPAGE   = TMR4_PAGE;   
   7   1         TMR4CF    = 0x08;
   8   1         RCAP4L    = 0xE5;
   9   1         RCAP4H    = 0xFF;
  10   1         TMR4CN    = 0x04;//Timer 4 On
  11   1      }


MODULE INFORMATION:   STATIC OVERLAYABLE
   CODE SIZE        =     16    ----
   CONSTANT SIZE    =   ----    ----
   XDATA SIZE       =   ----    ----
   PDATA SIZE       =   ----    ----
   DATA SIZE        =   ----    ----
   IDATA SIZE       =   ----    ----
   BIT SIZE         =   ----    ----
END OF MODULE INFORMATION.


C51 COMPILATION COMPLETE.  0 WARNING(S),  0 ERROR(S)
