C51 COMPILER V9.56.0.0   UART0                                                             06/03/2021 14:52:33 PAGE 1   


C51 COMPILER V9.56.0.0, COMPILATION OF MODULE UART0
OBJECT MODULE PLACED IN .\Objects\UART0.obj
COMPILER INVOKED BY: C:\Program Files\Keil\C51\BIN\C51.EXE UART0.c OPTIMIZE(8,SPEED) BROWSE DEBUG OBJECTEXTEND PRINT(.\L
                    -istings\UART0.lst) TABS(2) OBJECT(.\Objects\UART0.obj)

line level    source

   1          #include <C8051F120.h>
   2          #include <Delays.h>
   3          #include <string.h>
   4          sbit PS0 = IP^4;
   5          
   6          xdata unsigned char tmp_byte = 0;
   7          xdata unsigned char buffer[128] = {0};
   8          xdata unsigned int ib = 0;
   9          
  10          void UART0_Init(){
  11   1        SFRPAGE   = UART0_PAGE;
  12   1        SCON0 = 0x50;//UART Mode: 8-bit auto-reload
  13   1        SSTA0 = 0x0F;//
  14   1        ES0 = 1;
  15   1      }
  16          
  17          void UART0_TX_sendByte(unsigned char byte){
  18   1        SFRPAGE   = UART0_PAGE; 
  19   1        if(TI0 == 0)
  20   1        SBUF0 = byte; 
  21   1      }
  22          
  23          void UART0_sendData(unsigned char *string, unsigned short lenght){
  24   1        SFRPAGE   = UART0_PAGE; 
  25   1        TI0 = 0;
  26   1        while(*string != 0){
  27   2          UART0_TX_sendByte(*string++);
  28   2          delay100mkS();
  29   2        }
  30   1        memset(string,0,lenght);
  31   1      }
  32          
  33          unsigned char UART0_acceptData(){
  34   1        SFRPAGE   = UART0_PAGE;
  35   1        if(REN0 == 1){
  36   2          if(RI0 == 0);
  37   2            tmp_byte = SBUF0;
  38   2        }
  39   1        return tmp_byte;
  40   1      }
  41          
  42          void UART0_interrupt() interrupt 4{
  43   1        SFRPAGE   = UART0_PAGE; 
  44   1        
  45   1        TI0 = 0;
  46   1        if(RI0){
  47   2            *(buffer+ib) = UART0_acceptData();  
  48   2            ib++;   
  49   2            RI0 = 0;
  50   2        }   
  51   1      }


MODULE INFORMATION:   STATIC OVERLAYABLE
C51 COMPILER V9.56.0.0   UART0                                                             06/03/2021 14:52:33 PAGE 2   

   CODE SIZE        =    175    ----
   CONSTANT SIZE    =   ----    ----
   XDATA SIZE       =    131    ----
   PDATA SIZE       =   ----    ----
   DATA SIZE        =   ----       5
   IDATA SIZE       =   ----    ----
   BIT SIZE         =   ----    ----
END OF MODULE INFORMATION.


C51 COMPILATION COMPLETE.  0 WARNING(S),  0 ERROR(S)
